<?xml version="1.0" encoding="UTF-8"?>
<!-- Generated by org.testng.reporters.JUnitReportReporter -->
<testsuite skipped="0" hostname="DESKTOP-UVLJTC5" name="qaacademy.Mavenjava.RestAPITest" tests="2" failures="0" timestamp="2021-01-24T22:27:37 EST" time="0.000" errors="0">
  <testcase name="postJira" time="0.000" classname="qaacademy.Mavenjava.RestAPITest"/>
  <system-out/>
  <testcase name="deleteTwitter" time="0.000" classname="qaacademy.Mavenjava.RestAPITest"/>
  <system-out/>
</testsuite> <!-- qaacademy.Mavenjava.RestAPITest -->
