<?xml version="1.0" encoding="UTF-8"?>
<!-- Generated by org.testng.reporters.JUnitReportReporter -->
<testsuite skipped="0" hostname="DESKTOP-UVLJTC5" name="qaacademy.Mavenjava.SeleniumTest" tests="2" failures="0" timestamp="2021-01-24T22:27:37 EST" time="0.004" errors="0">
  <testcase name="BrowserAutomation" time="0.003" classname="qaacademy.Mavenjava.SeleniumTest"/>
  <system-out/>
  <testcase name="elementsUi" time="0.001" classname="qaacademy.Mavenjava.SeleniumTest"/>
  <system-out/>
</testsuite> <!-- qaacademy.Mavenjava.SeleniumTest -->
